1700731559.807957 client started (538840): version 3.2a, socket /tmp/tmux-1008/default, protocol 8
1700731559.807983 on Linux 6.2.0-34-generic #34~22.04.1-Ubuntu SMP PREEMPT_DYNAMIC Thu Sep  7 13:12:03 UTC 2
1700731559.807989 using libevent 2.1.12-stable (poll); ncurses 6.3
1700731559.808006 flags are 0x18010000
1700731559.808012 socket is /tmp/tmux-1008/default
1700731559.808029 trying connect
1700731559.808047 connect failed: No such file or directory
1700731559.808073 lock file is /tmp/tmux-1008/default.lock
1700731559.808096 flock succeeded
1700731559.808101 got lock (6)
1700731559.808108 trying connect
1700731559.808117 connect failed: No such file or directory
1700731559.808350 add peer 0x555c663769e0: 7 ((nil))
1700731559.808790 sending message 100 to peer 0x555c663769e0 (4 bytes)
1700731559.808800 sending message 111 to peer 0x555c663769e0 (8 bytes)
1700731559.808805 sending message 101 to peer 0x555c663769e0 (15 bytes)
1700731559.808810 sending message 109 to peer 0x555c663769e0 (4 bytes)
1700731559.808815 sending message 102 to peer 0x555c663769e0 (12 bytes)
1700731559.808821 sending message 108 to peer 0x555c663769e0 (61 bytes)
1700731559.808826 sending message 112 to peer 0x555c663769e0 (58 bytes)
1700731559.808832 sending message 112 to peer 0x555c663769e0 (5 bytes)
1700731559.808837 sending message 112 to peer 0x555c663769e0 (5 bytes)
1700731559.808843 sending message 112 to peer 0x555c663769e0 (6 bytes)
1700731559.808848 sending message 112 to peer 0x555c663769e0 (6 bytes)
1700731559.808853 sending message 112 to peer 0x555c663769e0 (11 bytes)
1700731559.808858 sending message 112 to peer 0x555c663769e0 (10 bytes)
1700731559.808863 sending message 112 to peer 0x555c663769e0 (13 bytes)
1700731559.808868 sending message 112 to peer 0x555c663769e0 (14 bytes)
1700731559.808873 sending message 112 to peer 0x555c663769e0 (19 bytes)
1700731559.808878 sending message 112 to peer 0x555c663769e0 (11 bytes)
1700731559.808882 sending message 112 to peer 0x555c663769e0 (10 bytes)
1700731559.808887 sending message 112 to peer 0x555c663769e0 (15 bytes)
1700731559.808892 sending message 112 to peer 0x555c663769e0 (21 bytes)
1700731559.808897 sending message 112 to peer 0x555c663769e0 (13 bytes)
1700731559.808903 sending message 112 to peer 0x555c663769e0 (7 bytes)
1700731559.808908 sending message 112 to peer 0x555c663769e0 (13 bytes)
1700731559.808914 sending message 112 to peer 0x555c663769e0 (7 bytes)
1700731559.808920 sending message 112 to peer 0x555c663769e0 (13 bytes)
1700731559.808927 sending message 112 to peer 0x555c663769e0 (9 bytes)
1700731559.808933 sending message 112 to peer 0x555c663769e0 (21 bytes)
1700731559.808940 sending message 112 to peer 0x555c663769e0 (13 bytes)
1700731559.808946 sending message 112 to peer 0x555c663769e0 (9 bytes)
1700731559.808952 sending message 112 to peer 0x555c663769e0 (16 bytes)
1700731559.808959 sending message 112 to peer 0x555c663769e0 (13 bytes)
1700731559.808965 sending message 112 to peer 0x555c663769e0 (9 bytes)
1700731559.808972 sending message 112 to peer 0x555c663769e0 (9 bytes)
1700731559.808978 sending message 112 to peer 0x555c663769e0 (12 bytes)
1700731559.808984 sending message 112 to peer 0x555c663769e0 (8 bytes)
1700731559.808997 sending message 112 to peer 0x555c663769e0 (8 bytes)
1700731559.809004 sending message 112 to peer 0x555c663769e0 (13 bytes)
1700731559.809010 sending message 112 to peer 0x555c663769e0 (7 bytes)
1700731559.809017 sending message 112 to peer 0x555c663769e0 (7 bytes)
1700731559.809023 sending message 112 to peer 0x555c663769e0 (9 bytes)
1700731559.809030 sending message 112 to peer 0x555c663769e0 (9 bytes)
1700731559.809049 sending message 112 to peer 0x555c663769e0 (15 bytes)
1700731559.809056 sending message 112 to peer 0x555c663769e0 (13 bytes)
1700731559.809062 sending message 112 to peer 0x555c663769e0 (12 bytes)
1700731559.809068 sending message 112 to peer 0x555c663769e0 (8 bytes)
1700731559.809084 sending message 112 to peer 0x555c663769e0 (14 bytes)
1700731559.809091 sending message 112 to peer 0x555c663769e0 (11 bytes)
1700731559.809097 sending message 112 to peer 0x555c663769e0 (9 bytes)
1700731559.809115 sending message 112 to peer 0x555c663769e0 (10 bytes)
1700731559.809122 sending message 112 to peer 0x555c663769e0 (10 bytes)
1700731559.809129 sending message 112 to peer 0x555c663769e0 (10 bytes)
1700731559.809136 sending message 112 to peer 0x555c663769e0 (10 bytes)
1700731559.809142 sending message 112 to peer 0x555c663769e0 (11 bytes)
1700731559.809149 sending message 112 to peer 0x555c663769e0 (12 bytes)
1700731559.809156 sending message 112 to peer 0x555c663769e0 (12 bytes)
1700731559.809162 sending message 112 to peer 0x555c663769e0 (12 bytes)
1700731559.809168 sending message 112 to peer 0x555c663769e0 (12 bytes)
1700731559.809175 sending message 112 to peer 0x555c663769e0 (12 bytes)
1700731559.809181 sending message 112 to peer 0x555c663769e0 (11 bytes)
1700731559.809187 sending message 112 to peer 0x555c663769e0 (11 bytes)
1700731559.809194 sending message 112 to peer 0x555c663769e0 (12 bytes)
1700731559.809200 sending message 112 to peer 0x555c663769e0 (12 bytes)
1700731559.809207 sending message 112 to peer 0x555c663769e0 (12 bytes)
1700731559.809213 sending message 112 to peer 0x555c663769e0 (12 bytes)
1700731559.809220 sending message 112 to peer 0x555c663769e0 (12 bytes)
1700731559.809227 sending message 112 to peer 0x555c663769e0 (9 bytes)
1700731559.809233 sending message 112 to peer 0x555c663769e0 (12 bytes)
1700731559.809239 sending message 112 to peer 0x555c663769e0 (13 bytes)
1700731559.809248 sending message 112 to peer 0x555c663769e0 (13 bytes)
1700731559.809255 sending message 112 to peer 0x555c663769e0 (13 bytes)
1700731559.809263 sending message 112 to peer 0x555c663769e0 (13 bytes)
1700731559.809269 sending message 112 to peer 0x555c663769e0 (13 bytes)
1700731559.809276 sending message 112 to peer 0x555c663769e0 (8 bytes)
1700731559.809283 sending message 112 to peer 0x555c663769e0 (11 bytes)
1700731559.809289 sending message 112 to peer 0x555c663769e0 (11 bytes)
1700731559.809296 sending message 112 to peer 0x555c663769e0 (11 bytes)
1700731559.809303 sending message 112 to peer 0x555c663769e0 (12 bytes)
1700731559.809309 sending message 112 to peer 0x555c663769e0 (12 bytes)
1700731559.809315 sending message 112 to peer 0x555c663769e0 (12 bytes)
1700731559.809322 sending message 112 to peer 0x555c663769e0 (12 bytes)
1700731559.809328 sending message 112 to peer 0x555c663769e0 (13 bytes)
1700731559.809335 sending message 112 to peer 0x555c663769e0 (13 bytes)
1700731559.809341 sending message 112 to peer 0x555c663769e0 (13 bytes)
1700731559.809348 sending message 112 to peer 0x555c663769e0 (8 bytes)
1700731559.809354 sending message 112 to peer 0x555c663769e0 (13 bytes)
1700731559.809361 sending message 112 to peer 0x555c663769e0 (13 bytes)
1700731559.809367 sending message 112 to peer 0x555c663769e0 (13 bytes)
1700731559.809374 sending message 112 to peer 0x555c663769e0 (13 bytes)
1700731559.809380 sending message 112 to peer 0x555c663769e0 (13 bytes)
1700731559.809386 sending message 112 to peer 0x555c663769e0 (12 bytes)
1700731559.809392 sending message 112 to peer 0x555c663769e0 (12 bytes)
1700731559.809399 sending message 112 to peer 0x555c663769e0 (12 bytes)
1700731559.809407 sending message 112 to peer 0x555c663769e0 (12 bytes)
1700731559.809414 sending message 112 to peer 0x555c663769e0 (13 bytes)
1700731559.809420 sending message 112 to peer 0x555c663769e0 (8 bytes)
1700731559.809426 sending message 112 to peer 0x555c663769e0 (13 bytes)
1700731559.809431 sending message 112 to peer 0x555c663769e0 (13 bytes)
1700731559.809436 sending message 112 to peer 0x555c663769e0 (13 bytes)
1700731559.809442 sending message 112 to peer 0x555c663769e0 (13 bytes)
1700731559.809448 sending message 112 to peer 0x555c663769e0 (13 bytes)
1700731559.809454 sending message 112 to peer 0x555c663769e0 (13 bytes)
1700731559.809461 sending message 112 to peer 0x555c663769e0 (13 bytes)
1700731559.809469 sending message 112 to peer 0x555c663769e0 (12 bytes)
1700731559.809477 sending message 112 to peer 0x555c663769e0 (12 bytes)
1700731559.809484 sending message 112 to peer 0x555c663769e0 (12 bytes)
1700731559.809497 sending message 112 to peer 0x555c663769e0 (8 bytes)
1700731559.809505 sending message 112 to peer 0x555c663769e0 (12 bytes)
1700731559.809512 sending message 112 to peer 0x555c663769e0 (13 bytes)
1700731559.809520 sending message 112 to peer 0x555c663769e0 (13 bytes)
1700731559.809528 sending message 112 to peer 0x555c663769e0 (13 bytes)
1700731559.809535 sending message 112 to peer 0x555c663769e0 (13 bytes)
1700731559.809542 sending message 112 to peer 0x555c663769e0 (13 bytes)
1700731559.809549 sending message 112 to peer 0x555c663769e0 (13 bytes)
1700731559.809557 sending message 112 to peer 0x555c663769e0 (13 bytes)
1700731559.809564 sending message 112 to peer 0x555c663769e0 (13 bytes)
1700731559.809571 sending message 112 to peer 0x555c663769e0 (12 bytes)
1700731559.809578 sending message 112 to peer 0x555c663769e0 (10 bytes)
1700731559.809585 sending message 112 to peer 0x555c663769e0 (12 bytes)
1700731559.809593 sending message 112 to peer 0x555c663769e0 (12 bytes)
1700731559.809600 sending message 112 to peer 0x555c663769e0 (12 bytes)
1700731559.809607 sending message 112 to peer 0x555c663769e0 (13 bytes)
1700731559.809614 sending message 112 to peer 0x555c663769e0 (13 bytes)
1700731559.809622 sending message 112 to peer 0x555c663769e0 (13 bytes)
1700731559.809629 sending message 112 to peer 0x555c663769e0 (13 bytes)
1700731559.809636 sending message 112 to peer 0x555c663769e0 (13 bytes)
1700731559.809643 sending message 112 to peer 0x555c663769e0 (13 bytes)
1700731559.809650 sending message 112 to peer 0x555c663769e0 (13 bytes)
1700731559.809658 sending message 112 to peer 0x555c663769e0 (10 bytes)
1700731559.809665 sending message 112 to peer 0x555c663769e0 (13 bytes)
1700731559.809672 sending message 112 to peer 0x555c663769e0 (12 bytes)
1700731559.809679 sending message 112 to peer 0x555c663769e0 (12 bytes)
1700731559.809687 sending message 112 to peer 0x555c663769e0 (12 bytes)
1700731559.809694 sending message 112 to peer 0x555c663769e0 (10 bytes)
1700731559.809701 sending message 112 to peer 0x555c663769e0 (10 bytes)
1700731559.809708 sending message 112 to peer 0x555c663769e0 (10 bytes)
1700731559.809715 sending message 112 to peer 0x555c663769e0 (12 bytes)
1700731559.809722 sending message 112 to peer 0x555c663769e0 (13 bytes)
1700731559.809729 sending message 112 to peer 0x555c663769e0 (13 bytes)
1700731559.809737 sending message 112 to peer 0x555c663769e0 (13 bytes)
1700731559.809744 sending message 112 to peer 0x555c663769e0 (13 bytes)
1700731559.809751 sending message 112 to peer 0x555c663769e0 (13 bytes)
1700731559.809758 sending message 112 to peer 0x555c663769e0 (10 bytes)
1700731559.809763 sending message 112 to peer 0x555c663769e0 (11 bytes)
1700731559.809768 sending message 112 to peer 0x555c663769e0 (12 bytes)
1700731559.809774 sending message 112 to peer 0x555c663769e0 (12 bytes)
1700731559.809779 sending message 112 to peer 0x555c663769e0 (12 bytes)
1700731559.809791 sending message 112 to peer 0x555c663769e0 (12 bytes)
1700731559.809797 sending message 112 to peer 0x555c663769e0 (12 bytes)
1700731559.809803 sending message 112 to peer 0x555c663769e0 (11 bytes)
1700731559.809808 sending message 112 to peer 0x555c663769e0 (12 bytes)
1700731559.809814 sending message 112 to peer 0x555c663769e0 (12 bytes)
1700731559.809819 sending message 112 to peer 0x555c663769e0 (13 bytes)
1700731559.809824 sending message 112 to peer 0x555c663769e0 (13 bytes)
1700731559.809830 sending message 112 to peer 0x555c663769e0 (13 bytes)
1700731559.809835 sending message 112 to peer 0x555c663769e0 (13 bytes)
1700731559.809841 sending message 112 to peer 0x555c663769e0 (13 bytes)
1700731559.809846 sending message 112 to peer 0x555c663769e0 (10 bytes)
1700731559.809852 sending message 112 to peer 0x555c663769e0 (9 bytes)
1700731559.809857 sending message 112 to peer 0x555c663769e0 (12 bytes)
1700731559.809863 sending message 112 to peer 0x555c663769e0 (13 bytes)
1700731559.809868 sending message 112 to peer 0x555c663769e0 (13 bytes)
1700731559.809877 sending message 112 to peer 0x555c663769e0 (13 bytes)
1700731559.809883 sending message 112 to peer 0x555c663769e0 (13 bytes)
1700731559.809889 sending message 112 to peer 0x555c663769e0 (13 bytes)
1700731559.809894 sending message 112 to peer 0x555c663769e0 (9 bytes)
1700731559.809900 sending message 112 to peer 0x555c663769e0 (12 bytes)
1700731559.809906 sending message 112 to peer 0x555c663769e0 (13 bytes)
1700731559.809911 sending message 112 to peer 0x555c663769e0 (13 bytes)
1700731559.809916 sending message 112 to peer 0x555c663769e0 (13 bytes)
1700731559.809921 sending message 112 to peer 0x555c663769e0 (13 bytes)
1700731559.809927 sending message 112 to peer 0x555c663769e0 (13 bytes)
1700731559.809932 sending message 112 to peer 0x555c663769e0 (11 bytes)
1700731559.809937 sending message 112 to peer 0x555c663769e0 (12 bytes)
1700731559.809942 sending message 112 to peer 0x555c663769e0 (13 bytes)
1700731559.809947 sending message 112 to peer 0x555c663769e0 (13 bytes)
1700731559.809953 sending message 112 to peer 0x555c663769e0 (13 bytes)
1700731559.809961 sending message 112 to peer 0x555c663769e0 (13 bytes)
1700731559.809967 sending message 112 to peer 0x555c663769e0 (13 bytes)
1700731559.809972 sending message 112 to peer 0x555c663769e0 (11 bytes)
1700731559.809977 sending message 112 to peer 0x555c663769e0 (12 bytes)
1700731559.809982 sending message 112 to peer 0x555c663769e0 (12 bytes)
1700731559.809987 sending message 112 to peer 0x555c663769e0 (12 bytes)
1700731559.809993 sending message 112 to peer 0x555c663769e0 (12 bytes)
1700731559.809998 sending message 112 to peer 0x555c663769e0 (12 bytes)
1700731559.810003 sending message 112 to peer 0x555c663769e0 (21 bytes)
1700731559.810008 sending message 112 to peer 0x555c663769e0 (12 bytes)
1700731559.810013 sending message 112 to peer 0x555c663769e0 (9 bytes)
1700731559.810019 sending message 112 to peer 0x555c663769e0 (6 bytes)
1700731559.810024 sending message 112 to peer 0x555c663769e0 (13 bytes)
1700731559.810037 sending message 112 to peer 0x555c663769e0 (10 bytes)
1700731559.810042 sending message 112 to peer 0x555c663769e0 (24 bytes)
1700731559.810047 sending message 112 to peer 0x555c663769e0 (13 bytes)
1700731559.810057 sending message 112 to peer 0x555c663769e0 (9 bytes)
1700731559.810062 sending message 112 to peer 0x555c663769e0 (70 bytes)
1700731559.810068 sending message 112 to peer 0x555c663769e0 (69 bytes)
1700731559.810081 sending message 112 to peer 0x555c663769e0 (12 bytes)
1700731559.810086 sending message 112 to peer 0x555c663769e0 (10 bytes)
1700731559.810091 sending message 112 to peer 0x555c663769e0 (10 bytes)
1700731559.810096 sending message 112 to peer 0x555c663769e0 (24 bytes)
1700731559.810101 sending message 112 to peer 0x555c663769e0 (13 bytes)
1700731559.810107 sending message 112 to peer 0x555c663769e0 (10 bytes)
1700731559.810112 sending message 112 to peer 0x555c663769e0 (10 bytes)
1700731559.810117 sending message 112 to peer 0x555c663769e0 (10 bytes)
1700731559.810122 sending message 112 to peer 0x555c663769e0 (13 bytes)
1700731559.810127 sending message 112 to peer 0x555c663769e0 (15 bytes)
1700731559.810131 sending message 112 to peer 0x555c663769e0 (5 bytes)
1700731559.810137 sending message 104 to peer 0x555c663769e0 (0 bytes)
1700731559.810154 sending message 110 to peer 0x555c663769e0 (0 bytes)
1700731559.810162 sending message 107 to peer 0x555c663769e0 (4 bytes)
1700731559.810168 sending message 105 to peer 0x555c663769e0 (16 bytes)
1700731559.810173 sending message 105 to peer 0x555c663769e0 (20 bytes)
1700731559.810178 sending message 105 to peer 0x555c663769e0 (28 bytes)
1700731559.810183 sending message 105 to peer 0x555c663769e0 (42 bytes)
1700731559.810189 sending message 105 to peer 0x555c663769e0 (7 bytes)
1700731559.810195 sending message 105 to peer 0x555c663769e0 (18 bytes)
1700731559.810201 sending message 105 to peer 0x555c663769e0 (65 bytes)
1700731559.810206 sending message 105 to peer 0x555c663769e0 (13 bytes)
1700731559.810211 sending message 105 to peer 0x555c663769e0 (21 bytes)
1700731559.810220 sending message 105 to peer 0x555c663769e0 (35 bytes)
1700731559.810225 sending message 105 to peer 0x555c663769e0 (100 bytes)
1700731559.810231 sending message 105 to peer 0x555c663769e0 (15 bytes)
1700731559.810236 sending message 105 to peer 0x555c663769e0 (16 bytes)
1700731559.810241 sending message 105 to peer 0x555c663769e0 (17 bytes)
1700731559.810248 sending message 105 to peer 0x555c663769e0 (1519 bytes)
1700731559.810277 sending message 105 to peer 0x555c663769e0 (30 bytes)
1700731559.810283 sending message 105 to peer 0x555c663769e0 (114 bytes)
1700731559.810289 sending message 105 to peer 0x555c663769e0 (51 bytes)
1700731559.810294 sending message 105 to peer 0x555c663769e0 (31 bytes)
1700731559.810299 sending message 105 to peer 0x555c663769e0 (34 bytes)
1700731559.810305 sending message 105 to peer 0x555c663769e0 (23 bytes)
1700731559.810310 sending message 105 to peer 0x555c663769e0 (20 bytes)
1700731559.810316 sending message 105 to peer 0x555c663769e0 (11 bytes)
1700731559.810321 sending message 105 to peer 0x555c663769e0 (32 bytes)
1700731559.810327 sending message 105 to peer 0x555c663769e0 (10 bytes)
1700731559.810333 sending message 105 to peer 0x555c663769e0 (64 bytes)
1700731559.810338 sending message 105 to peer 0x555c663769e0 (14 bytes)
1700731559.810343 sending message 105 to peer 0x555c663769e0 (8 bytes)
1700731559.810349 sending message 105 to peer 0x555c663769e0 (20 bytes)
1700731559.810355 sending message 105 to peer 0x555c663769e0 (50 bytes)
1700731559.810360 sending message 105 to peer 0x555c663769e0 (31 bytes)
1700731559.810365 sending message 105 to peer 0x555c663769e0 (32 bytes)
1700731559.810370 sending message 105 to peer 0x555c663769e0 (23 bytes)
1700731559.810376 sending message 105 to peer 0x555c663769e0 (131 bytes)
1700731559.810381 sending message 105 to peer 0x555c663769e0 (82 bytes)
1700731559.810387 sending message 105 to peer 0x555c663769e0 (102 bytes)
1700731559.810392 sending message 105 to peer 0x555c663769e0 (269 bytes)
1700731559.810398 sending message 105 to peer 0x555c663769e0 (54 bytes)
1700731559.810403 sending message 105 to peer 0x555c663769e0 (20 bytes)
1700731559.810408 sending message 105 to peer 0x555c663769e0 (88 bytes)
1700731559.810414 sending message 105 to peer 0x555c663769e0 (16 bytes)
1700731559.810420 sending message 105 to peer 0x555c663769e0 (47 bytes)
1700731559.810425 sending message 106 to peer 0x555c663769e0 (0 bytes)
1700731559.810436 sending message 200 to peer 0x555c663769e0 (4 bytes)
1700731559.810445 client loop enter
1700731559.810496 client_signal: Child exited
1700731559.859165 peer 0x555c663769e0 message 207
1700731559.859181 sending message 208 to peer 0x555c663769e0 (0 bytes)
1700731564.539745 peer 0x555c663769e0 message 201
1700731564.539769 sending message 205 to peer 0x555c663769e0 (0 bytes)
1700731564.540119 peer 0x555c663769e0 message 204
1700731564.540146 client loop exit
